10:46:15.107 [JavaFX Application Thread] INFO  b.r.p.s.s.l.AuthenticationLogger - Logged in as: a
10:46:52.460 [JavaFX Application Thread] INFO  b.r.p.s.s.l.AuthenticationLogger - Logged in as: a
13:17:32.191 [JavaFX Application Thread] INFO  b.r.p.s.s.l.AuthenticationLogger - Logged in as: a
13:21:38.039 [JavaFX Application Thread] INFO  b.r.p.s.s.l.AuthenticationLogger - Logged in as: a
04/01/2016 13:41:13.326 [JavaFX Application Thread] INFO  b.r.p.s.s.l.AuthenticationLogger - Logged in as: a
06/01/2016-19:04:33.690 [JavaFX Application Thread] INFO  b.r.p.s.s.l.i.AuthenticationLoggerImpl - Logged in as: a
06/01/2016-19:07:05.293 [JavaFX Application Thread] INFO  b.r.p.s.s.l.impl.AddPacketLoggerImpl - Packet added by: a; For client: a; With id: A_-AA-06012016-00000
09/01/2016-13:52:44.252 [JavaFX Application Thread] INFO  b.r.p.s.s.l.i.AuthenticationLoggerImpl - Logged in as: a
09/01/2016-13:57:07.651 [JavaFX Application Thread] INFO  b.r.p.s.s.l.i.AuthenticationLoggerImpl - Logged in as: a
09/01/2016-14:09:39.177 [JavaFX Application Thread] INFO  b.r.p.s.s.l.i.AuthenticationLoggerImpl - Logged in as: a
09/01/2016-14:34:39.546 [JavaFX Application Thread] INFO  b.r.p.s.s.l.i.AuthenticationLoggerImpl - Logged in as: a
09/01/2016-14:34:51.530 [JavaFX Application Thread] INFO  b.r.p.s.s.l.i.AuthenticationLoggerImpl - Logged in as: a
09/01/2016-14:34:52.959 [JavaFX Application Thread] INFO  b.r.p.s.s.l.i.AuthenticationLoggerImpl - Logged in as: a
09/01/2016-14:34:53.114 [JavaFX Application Thread] INFO  b.r.p.s.s.l.i.AuthenticationLoggerImpl - Logged in as: a
09/01/2016-14:35:48.934 [JavaFX Application Thread] INFO  b.r.p.s.s.l.i.AuthenticationLoggerImpl - Logged in as: a
09/01/2016-14:36:20.074 [JavaFX Application Thread] INFO  b.r.p.s.s.l.i.AuthenticationLoggerImpl - Logged in as: a
09/01/2016-14:44:41.116 [JavaFX Application Thread] INFO  b.r.p.s.s.l.i.AuthenticationLoggerImpl - Logged in as: a
09/01/2016-14:45:16.757 [JavaFX Application Thread] INFO  b.r.p.s.s.l.i.AuthenticationLoggerImpl - Logged in as: a
09/01/2016-17:36:53.649 [JavaFX Application Thread] INFO  b.r.p.s.s.l.i.AuthenticationLoggerImpl - Logged in as: a
09/01/2016-17:36:57.105 [JavaFX Application Thread] INFO  b.r.p.s.s.l.i.AuthenticationLoggerImpl - Logged in as: a
09/01/2016-17:38:01.850 [JavaFX Application Thread] INFO  b.r.p.s.s.l.i.AuthenticationLoggerImpl - Logged in as: a
09/01/2016-17:38:16.119 [JavaFX Application Thread] INFO  b.r.p.s.s.l.impl.AddPacketLoggerImpl - Packet added by: a; For client: a; With id: A_-A-09012016-00000
09/01/2016-17:45:33.748 [JavaFX Application Thread] INFO  b.r.p.s.s.l.impl.AddPacketLoggerImpl - Packet added by: a; For client: a; With id: A_-A-09012016-00001
12/01/2016-09:16:29.389 [JavaFX Application Thread] INFO  b.r.p.s.s.l.i.AuthenticationLoggerImpl - Logged in as: a
12/01/2016-09:16:59.206 [JavaFX Application Thread] INFO  b.r.p.s.s.l.impl.AddPacketLoggerImpl - Packet added by: a; For client: a; With id: A_-A-12012016-00000
13/01/2016-09:13:49.972 [JavaFX Application Thread] INFO  b.r.p.s.s.l.i.AuthenticationLoggerImpl - Logged in as: a
13/01/2016-10:14:30.210 [JavaFX Application Thread] INFO  b.r.p.s.s.l.i.AuthenticationLoggerImpl - Logged in as: a
13/01/2016-10:15:49.370 [JavaFX Application Thread] INFO  b.r.p.s.s.l.impl.AddPacketLoggerImpl - Packet added by: a; For client: a; With id: A_-A-13012016-00000
13/01/2016-10:45:28.908 [JavaFX Application Thread] INFO  b.r.p.s.s.l.i.AuthenticationLoggerImpl - Logged in as: a
13/01/2016-10:46:23.488 [JavaFX Application Thread] INFO  b.r.p.s.s.l.i.AuthenticationLoggerImpl - Logged in as: a
13/01/2016-10:46:43.246 [JavaFX Application Thread] INFO  b.r.p.s.s.l.i.AuthenticationLoggerImpl - Logged in as: a
13/01/2016-10:57:05.350 [JavaFX Application Thread] INFO  b.r.p.s.s.l.i.AuthenticationLoggerImpl - Logged in as: a
13/01/2016-10:59:48.808 [JavaFX Application Thread] INFO  b.r.p.s.s.l.i.AuthenticationLoggerImpl - Logged in as: a
13/01/2016-13:15:52.813 [JavaFX Application Thread] INFO  b.r.p.s.s.l.i.AuthenticationLoggerImpl - Logged in as: a
13/01/2016-13:16:57.614 [JavaFX Application Thread] INFO  b.r.p.s.s.l.i.AuthenticationLoggerImpl - Logged in as: a
13/01/2016-13:17:22.592 [JavaFX Application Thread] INFO  b.r.p.s.s.l.i.AuthenticationLoggerImpl - Logged in as: a
13/01/2016-13:32:21.064 [JavaFX Application Thread] INFO  b.r.p.s.s.l.i.AuthenticationLoggerImpl - Logged in as: a
13/01/2016-13:33:31.425 [JavaFX Application Thread] INFO  b.r.p.s.s.l.i.AuthenticationLoggerImpl - Logged in as: a
13/01/2016-13:50:24.761 [JavaFX Application Thread] INFO  b.r.p.s.s.l.i.AuthenticationLoggerImpl - Logged in as: a
13/01/2016-14:42:30.532 [JavaFX Application Thread] INFO  b.r.p.s.s.l.i.AuthenticationLoggerImpl - Logged in as: a
13/01/2016-14:42:58.353 [JavaFX Application Thread] INFO  b.r.p.s.s.l.i.AuthenticationLoggerImpl - Logged in as: a
13/01/2016-14:45:14.759 [JavaFX Application Thread] INFO  b.r.p.s.s.l.i.AuthenticationLoggerImpl - Logged in as: a
13/01/2016-14:45:53.452 [JavaFX Application Thread] INFO  b.r.p.s.s.l.i.AuthenticationLoggerImpl - Logged in as: a
13/01/2016-14:47:19.143 [JavaFX Application Thread] INFO  b.r.p.s.s.l.i.AuthenticationLoggerImpl - Logged in as: a
13/01/2016-14:47:48.855 [JavaFX Application Thread] INFO  b.r.p.s.s.l.i.AuthenticationLoggerImpl - Logged in as: a
13/01/2016-14:48:15.457 [JavaFX Application Thread] INFO  b.r.p.s.s.l.i.AuthenticationLoggerImpl - Logged in as: a
13/01/2016-14:49:34.764 [JavaFX Application Thread] INFO  b.r.p.s.s.l.i.AuthenticationLoggerImpl - Logged in as: a
13/01/2016-14:50:27.945 [JavaFX Application Thread] INFO  b.r.p.s.s.l.i.AuthenticationLoggerImpl - Logged in as: a
13/01/2016-14:50:53.548 [JavaFX Application Thread] INFO  b.r.p.s.s.l.i.AuthenticationLoggerImpl - Logged in as: a
13/01/2016-14:52:22.539 [JavaFX Application Thread] INFO  b.r.p.s.s.l.i.AuthenticationLoggerImpl - Logged in as: a
13/01/2016-14:52:34.594 [JavaFX Application Thread] WARN  b.r.p.s.s.l.i.AuthenticationLoggerImpl - Failed login attempt with username: noob
